
[INFO] Using charset UTF-8

[WARNING] Invalid hint syntax: use strict
{(function(exports,undefined){ ---> "use strict" <--- ;var modules={};functionrequire(

[WARNING] Try to use a single 'var' statement per scope.
module,defs=[];for( ---> var  <--- i=0;i<ids.length;

[WARNING] Try to use a single 'var' statement per scope.
(id){var target=exports; ---> var  <--- fragments=id.split(/[.\/]/);for

[WARNING] Try to use a single 'var' statement per scope.
id.split(/[.\/]/);for( ---> var  <--- fi=0;fi<fragments.length;

[WARNING] Try to use a single 'var' statement per scope.
id.split(/[.\/]/);for( ---> var  <--- fi=0;fi<fragments.length-

[WARNING] Invalid hint syntax: use strict
"tinymce/dom/EventUtils",[],function(){ ---> "use strict" <--- ;var eventExpandoPrefix="mce-data-";var mouseEventRe=/^(?:mouse|contextmenu)|click/

[WARNING] Try to use a single 'var' statement per scope.
){"use strict";var eventExpandoPrefix="mce-data-"; ---> var  <--- mouseEventRe=/^(?:mouse|contextmenu)|click/;var deprecated={keyLocation:

[WARNING] Try to use a single 'var' statement per scope.
eventExpandoPrefix="mce-data-";var mouseEventRe=/^(?:mouse|contextmenu)|click/; ---> var  <--- deprecated={keyLocation:1,layerX:1

[WARNING] Try to use a single 'var' statement per scope.
undef&&originalEvent.clientX!==undef){ ---> var  <--- eventDoc=event.target.ownerDocument||document;

[WARNING] Try to use a single 'var' statement per scope.
=event.target.ownerDocument||document; ---> var  <--- doc=eventDoc.documentElement;var body=eventDoc

[WARNING] Try to use a single 'var' statement per scope.
document;var doc=eventDoc.documentElement; ---> var  <--- body=eventDoc.body;event.pageX=

[WARNING] Try to use a single 'var' statement per scope.
[ci].func===callback){ ---> var  <--- nativeHandler=callbackList.nativeHandler;var fakeName=callbackList

[WARNING] Try to use a single 'var' statement per scope.
){var nativeHandler=callbackList.nativeHandler; ---> var  <--- fakeName=callbackList.fakeName,capture=callbackList.

[WARNING] Try to use a single 'var' statement per scope.
=navigator,userAgent=nav.userAgent; ---> var  <--- opera,webkit,ie,ie11,ie12,

[WARNING] Try to use a single 'var' statement per scope.
(ie12){webkit=false;} ---> var  <--- contentEditable=!iDevice||fileApi||userAgent.match

[WARNING] Try to use a single 'var' statement per scope.
,slice=Array.prototype.slice; ---> var  <--- rquickExpr=/^(?:[^#<]*(<[\w\W]+>)[^>]*$|#([\w\-]*)$)/;var Event=EventUtils.Event

[WARNING] Try to use a single 'var' statement per scope.
prototype.slice;var rquickExpr=/^(?:[^#<]*(<[\w\W]+>)[^>]*$|#([\w\-]*)$)/; ---> var  <--- Event=EventUtils.Event,undef;var skipUniques

[WARNING] Try to use a single 'var' statement per scope.
var Event=EventUtils.Event,undef; ---> var  <--- skipUniques=Tools.makeMap("children,contents,next,prev");function

[WARNING] Try to use a single 'var' statement per scope.
;}});returnelements;} ---> var  <--- numericCssMap=Tools.makeMap("fillOpacity fontWeight lineHeight opacity orphans widows zIndex zoom"," ")

[WARNING] Try to use a single 'var' statement per scope.
Tools.makeMap("fillOpacity fontWeight lineHeight opacity orphans widows zIndex zoom"," "); ---> var  <--- booleanMap=Tools.makeMap("checked compact declare defer disabled ismap multiple nohref noshade nowrap readonly selected"," ")

[WARNING] Try to use a single 'var' statement per scope.
Tools.makeMap("checked compact declare defer disabled ismap multiple nohref noshade nowrap readonly selected"," "); ---> var  <--- propFix={"for":"htmlFor","class":"className"

[WARNING] Try to use a single 'var' statement per scope.
"class":"className",readonly:"readOnly"}; ---> var  <--- cssFix={"float":"cssFloat"};var attrHooks

[WARNING] Try to use a single 'var' statement per scope.
var cssFix={"float":"cssFloat"}; ---> var  <--- attrHooks={},cssHooks={};

[WARNING] Try to use a single 'var' statement per scope.
i;}}return-1;} ---> var  <--- whiteSpaceRegExp=/^\s*|\s*$/g;functiontrim(str){

[WARNING] Try to use a single 'var' statement per scope.
){var elm,doc,docElm; ---> var  <--- x=0,y=0,pos;

[WARNING] Try to use a single 'var' statement per scope.
,isEncoded,urlConverter=settings.url_converter; ---> var  <--- urlConverterScope=settings.url_converter_scope||this;functioncompress

[WARNING] Try to use a single 'var' statement per scope.
if(!left){return;} ---> var  <--- box=[top,right,bottom,left

[WARNING] Try to use a single 'var' statement per scope.
]-1),parent,clonedParent; ---> var  <--- prevSibling,clonedChild,clonedGrandParent,isFullySelected=next!=

[WARNING] Try to use a single 'var' statement per scope.
isFullySelected=next!=self[START_CONTAINER]; ---> var  <--- parent,clonedParent,nextSibling,clonedChild,clonedGrandParent;

[WARNING] Try to use a single 'var' statement per scope.
){var makeMap=Tools.makeMap; ---> var  <--- namedEntities,baseEntities,reverseEntities,attrsCharsRegExp=/[&<>\"\u0060\u007E-\uD7FF\uE000-\uFFEF]|[\uD800-\uDBFF][\uDC00-\uDFFF]/g,

[WARNING] Try to use a single 'var' statement per scope.
namedEntities=buildEntitiesLookup("50,nbsp,51,iexcl,52,cent,53,pound,54,curren,55,yen,56,brvbar,57,sect,58,uml,59,copy,5a,ordf,5b,laquo,5c,not,5d,shy,5e,reg,5f,macr,5g,deg,5h,plusmn,5i,sup2,5j,sup3,5k,acute,5l,micro,5m,para,5n,middot,5o,cedil,5p,sup1,5q,ordm,5r,raquo,5s,frac14,5t,frac12,5u,frac34,5v,iquest,60,Agrave,61,Aacute,62,Acirc,63,Atilde,64,Auml,65,Aring,66,AElig,67,Ccedil,68,Egrave,69,Eacute,6a,Ecirc,6b,Euml,6c,Igrave,6d,Iacute,6e,Icirc,6f,Iuml,6g,ETH,6h,Ntilde,6i,Ograve,6j,Oacute,6k,Ocirc,6l,Otilde,6m,Ouml,6n,times,6o,Oslash,6p,Ugrave,6q,Uacute,6r,Ucirc,6s,Uuml,6t,Yacute,6u,THORN,6v,szlig,70,agrave,71,aacute,72,acirc,73,atilde,74,auml,75,aring,76,aelig,77,ccedil,78,egrave,79,eacute,7a,ecirc,7b,euml,7c,igrave,7d,iacute,7e,icirc,7f,iuml,7g,eth,7h,ntilde,7i,ograve,7j,oacute,7k,ocirc,7l,otilde,7m,ouml,7n,divide,7o,oslash,7p,ugrave,7q,uacute,7r,ucirc,7s,uuml,7t,yacute,7u,thorn,7v,yuml,ci,fnof,sh,Alpha,si,Beta,sj,Gamma,sk,Delta,sl,Epsilon,sm,Zeta,sn,Eta,so,Theta,sp,Iota,sq,Kappa,sr,Lambda,ss,Mu,st,Nu,su,Xi,sv,Omicron,t0,Pi,t1,Rho,t3,Sigma,t4,Tau,t5,Upsilon,t6,Phi,t7,Chi,t8,Psi,t9,Omega,th,alpha,ti,beta,tj,gamma,tk,delta,tl,epsilon,tm,zeta,tn,eta,to,theta,tp,iota,tq,kappa,tr,lambda,ts,mu,tt,nu,tu,xi,tv,omicron,u0,pi,u1,rho,u2,sigmaf,u3,sigma,u4,tau,u5,upsilon,u6,phi,u7,chi,u8,psi,u9,omega,uh,thetasym,ui,upsih,um,piv,812,bull,816,hellip,81i,prime,81j,Prime,81u,oline,824,frasl,88o,weierp,88h,image,88s,real,892,trade,89l,alefsym,8cg,larr,8ch,uarr,8ci,rarr,8cj,darr,8ck,harr,8dl,crarr,8eg,lArr,8eh,uArr,8ei,rArr,8ej,dArr,8ek,hArr,8g0,forall,8g2,part,8g3,exist,8g5,empty,8g7,nabla,8g8,isin,8g9,notin,8gb,ni,8gf,prod,8gh,sum,8gi,minus,8gn,lowast,8gq,radic,8gt,prop,8gu,infin,8h0,ang,8h7,and,8h8,or,8h9,cap,8ha,cup,8hb,int,8hk,there4,8hs,sim,8i5,cong,8i8,asymp,8j0,ne,8j1,equiv,8j4,le,8j5,ge,8k2,sub,8k3,sup,8k4,nsub,8k6,sube,8k7,supe,8kl,oplus,8kn,otimes,8l5,perp,8m5,sdot,8o8,lceil,8o9,rceil,8oa,lfloor,8ob,rfloor,8p9,lang,8pa,rang,9ea,loz,9j0,spades,9j3,clubs,9j5,hearts,9j6,diams,ai,OElig,aj,oelig,b0,Scaron,b1,scaron,bo,Yuml,m6,circ,ms,tilde,802,ensp,803,emsp,809,thinsp,80c,zwnj,80d,zwj,80e,lrm,80f,rlm,80j,ndash,80k,mdash,80o,lsquo,80p,rsquo,80q,sbquo,80s,ldquo,80t,rdquo,80u,bdquo,810,dagger,811,Dagger,81g,permil,81p,lsaquo,81q,rsaquo,85c,euro",32); ---> var  <--- Entities={encodeRaw:function(text,attr

[WARNING] Invalid hint syntax: use strict
["tinymce/util/Tools"],function(Tools){ ---> "use strict" <--- ;returnfunction(document,settings){var 

[WARNING] Try to use a single 'var' statement per scope.
.grep,trim=Tools.trim; ---> var  <--- isIE=Env.ie;var simpleSelectorRe=/^([a-z0-9],?)+$/i

[WARNING] Try to use a single 'var' statement per scope.
trim;var isIE=Env.ie; ---> var  <--- simpleSelectorRe=/^([a-z0-9],?)+$/i;var whiteSpaceRegExp=/^[ \t\r\n]*$/;function

[WARNING] Try to use a single 'var' statement per scope.
Env.ie;var simpleSelectorRe=/^([a-z0-9],?)+$/i; ---> var  <--- whiteSpaceRegExp=/^[ \t\r\n]*$/;functionsetupAttrHooks(domUtils,settings

[WARNING] Try to use a single 'var' statement per scope.
nodeType!=1){returnfalse;} ---> var  <--- elms=elm.nodeType?[elm]:

[WARNING] Try to use a single 'var' statement per scope.
DOMUtils.DOM&&doc===document){ ---> var  <--- addedStyles=DOMUtils.DOM.addedStyles;addedStyles=

[WARNING] Try to use a single 'var' statement per scope.
1,nodeName:"selected"});} ---> var  <--- attrRegExp=/<\/?[\w:\-]+ ?|=[\"][^\"]+\"|=\'[^\']+\'|=[\w\-]+|>/gi;elm.cloneNode(false)

[WARNING] Try to use a single 'var' statement per scope.
&&node.previousSibling.nodeName=="SPAN"; ---> var  <--- nextIsSpan=node.nextSibling&&node.nextSibling.

[WARNING] Try to use a single 'var' statement per scope.
node.nodeValue.length>0){ ---> var  <--- trimmedLength=trim(node.nodeValue).length

[WARNING] Try to use a single 'var' statement per scope.
(Tools.isArray(target)){ ---> var  <--- i=target.length;while(i--

[WARNING] Try to use a single 'var' statement per scope.
.length;while(i--){ ---> var  <--- item=self.boundEvents[i];if

[WARNING] Try to use a single 'var' statement per scope.
this;if(self.boundEvents){ ---> var  <--- i=self.boundEvents.length;while(

[WARNING] Try to use a single 'var' statement per scope.
.length;while(i--){ ---> var  <--- item=self.boundEvents[i];this

[WARNING] Try to use a single 'var' statement per scope.
){var DOM=DOMUtils.DOM; ---> var  <--- each=Tools.each,grep=Tools.

[WARNING] Try to use a single 'var' statement per scope.
.getRoot(),node,nonEmptyElementsMap; ---> var  <--- directionLeft,isAfterNode;functionhasBrBeforeAfter(node,left

[WARNING] Try to use a single 'var' statement per scope.
={},dummyObj={}; ---> var  <--- makeMap=Tools.makeMap,each=Tools.

[WARNING] Try to use a single 'var' statement per scope.
schema={},globalAttributes,blockContent; ---> var  <--- phrasingContent,flowContent,html4BlockContent,html4PhrasingContent;functionadd

[WARNING] Try to use a single 'var' statement per scope.
[],validStyles,invalidStyles,schemaItems; ---> var  <--- whiteSpaceElementsMap,selfClosingElementsMap,shortEndedElementsMap,boolAttrMap,validClasses;

[WARNING] Try to use a single 'var' statement per scope.
,selfClosingElementsMap,shortEndedElementsMap,boolAttrMap,validClasses; ---> var  <--- blockElementsMap,nonEmptyElementsMap,moveCaretBeforeOnEnterElementsMap,textBlockElementsMap,textInlineElementsMap;

[WARNING] Try to use a single 'var' statement per scope.
,nonEmptyElementsMap,moveCaretBeforeOnEnterElementsMap,textBlockElementsMap,textInlineElementsMap; ---> var  <--- customElementsMap={},specialElements={};

[WARNING] Try to use a single 'var' statement per scope.
if(!elements[name]){ ---> var  <--- customRule=elements[cloneName];customRule=extend

[WARNING] Try to use a single 'var' statement per scope.
,attrList,i,text,name; ---> var  <--- isInternalElement,removeInternalElements,shortEndedElements,fillAttrsMap,isShortEnded;

[WARNING] Try to use a single 'var' statement per scope.
,removeInternalElements,shortEndedElements,fillAttrsMap,isShortEnded; ---> var  <--- validate,elementRule,isValidElement,attr,attribsValue,

[WARNING] Try to use a single 'var' statement per scope.
,attr,attribsValue,validAttributesMap,validAttributePatterns; ---> var  <--- attributesRequired,attributesDefault,attributesForced;var anyAttributesRequired,selfClosing

[WARNING] Try to use a single 'var' statement per scope.
validAttributePatterns;var attributesRequired,attributesDefault,attributesForced; ---> var  <--- anyAttributesRequired,selfClosing,tokenRegExp,attrRegExp,specialElements,

[WARNING] Try to use a single 'var' statement per scope.
,specialElements,attrValue,idCount=0; ---> var  <--- decode=Entities.decode,fixSelfClosing,filteredUrlAttrs=

[WARNING] Try to use a single 'var' statement per scope.
filteredUrlAttrs=Tools.makeMap("src,href,data,background,formaction,poster"); ---> var  <--- scriptUriRegExp=/((java|vb)script|mhtml):/i,dataUriRegExp=/^data:/i;functionprocessEndTag

[WARNING] Try to use a single 'var' statement per scope.
name]&&!settings.allow_script_urls){ ---> var  <--- uri=value.replace(trimRegExp,"")

[WARNING] Try to use a single 'var' statement per scope.
,currentNode,tempNode,childNode,i; ---> var  <--- nonEmptyElements,nonSplitableElements,textBlockElements,specialElements,sibling,

[WARNING] Try to use a single 'var' statement per scope.
,fl,list,name,validate; ---> var  <--- blockElements,startWhiteSpaceRegExp,invalidChildren=[],isInWhiteSpacePreservedElement

[WARNING] Try to use a single 'var' statement per scope.
startWhiteSpaceRegExp,invalidChildren=[],isInWhiteSpacePreservedElement; ---> var  <--- endWhiteSpaceRegExp,allWhiteSpaceRegExp,isAllWhiteSpaceRegExp,whiteSpaceElements;var children

[WARNING] Try to use a single 'var' statement per scope.
var endWhiteSpaceRegExp,allWhiteSpaceRegExp,isAllWhiteSpaceRegExp,whiteSpaceElements; ---> var  <--- children,nonEmptyElements,rootBlockName;args=args||

[WARNING] Try to use a single 'var' statement per scope.
},schema.getBlockElements()); ---> var  <--- nonEmptyElements=schema.getNonEmptyElements(),parent,

[WARNING] Try to use a single 'var' statement per scope.
,parent,lastParent,prev,prevName; ---> var  <--- elementRule,textNode;blockElements.body=1;

[WARNING] Try to use a single 'var' statement per scope.
,classList,ci,className,classValue; ---> var  <--- validClasses=schema.getValidClasses(),validClassesMap,

[WARNING] Try to use a single 'var' statement per scope.
.each,trim=Tools.trim; ---> var  <--- DOM=DOMUtils.DOM;functiontrimTrailingBr(rootNode

[WARNING] Try to use a single 'var' statement per scope.
,value,internalName="data-mce-"+name; ---> var  <--- urlConverter=settings.url_converter,urlConverterScope=settings.

[WARNING] Try to use a single 'var' statement per scope.
.dom,each=Tools.each; ---> var  <--- selectedElm,selectedElmGhost,resizeHelper,resizeHandles,selectedHandle,

[WARNING] Try to use a single 'var' statement per scope.
,resizeHelper,resizeHandles,selectedHandle,lastMouseDownEvent; ---> var  <--- startX,startY,selectedElmX,selectedElmY,startW,

[WARNING] Try to use a single 'var' statement per scope.
,startW,startH,ratio,resizeStarted; ---> var  <--- width,height,editableDoc=editor.getDoc(

[WARNING] Try to use a single 'var' statement per scope.
.ie&&Env.ie<11; ---> var  <--- abs=Math.abs,round=Math.

[WARNING] Try to use a single 'var' statement per scope.
1,-1,1]}; ---> var  <--- rootClass=".mce-content-body";editor.contentStyles.push(

[WARNING] Try to use a single 'var' statement per scope.
){var deltaX,deltaY,proportional; ---> var  <--- resizeHelperX,resizeHelperY;deltaX=e.screenX-

[WARNING] Try to use a single 'var' statement per scope.
{for(var name in resizeHandles){ ---> var  <--- handle=resizeHandles[name];if(handle

[WARNING] Try to use a single 'var' statement per scope.
.each,trim=Tools.trim; ---> var  <--- isIE=Env.ie;functionSelection(dom

[WARNING] Try to use a single 'var' statement per scope.
self.dom.create("body"); ---> var  <--- se=self.getSel(),whiteSpaceBefore,

[WARNING] Try to use a single 'var' statement per scope.
(!w3c&&self.lastFocusBookmark){ ---> var  <--- bookmark=self.lastFocusBookmark;if(bookmark.

[WARNING] Try to use a single 'var' statement per scope.
=self.getRng(),elm; ---> var  <--- startContainer=rng.startContainer,endContainer=rng.

[WARNING] Try to use a single 'var' statement per scope.
.startContainer,endContainer=rng.endContainer; ---> var  <--- startOffset=rng.startOffset,endOffset=rng.

[WARNING] Try to use a single 'var' statement per scope.
startElm!=endElm){node=startElm; ---> var  <--- walker=new TreeWalker(startElm,root);

[WARNING] Try to use a single 'var' statement per scope.
var x=0,y=0; ---> var  <--- offsetParent=elm;while(offsetParent&&offsetParent.

[WARNING] Try to use a single 'var' statement per scope.
if(root.nodeName!="BODY"){ ---> var  <--- scrollContainer=self.getScrollContainer();if(

[WARNING] Try to use a single 'var' statement per scope.
=new TreeWalker(node,root); ---> var  <--- nonEmptyElementsMap=this.dom.schema.getNonEmptyElements(

[WARNING] Try to use a single 'var' statement per scope.
,previewElm,dom=editor.dom; ---> var  <--- previewCss="",parentFontSize,previewStyles;previewStyles=

[WARNING] Try to use a single 'var' statement per scope.
,markCaretContainersBogus,isBookmarkNode=BookmarkManager.isBookmarkNode; ---> var  <--- each=Tools.each,grep=Tools.

[WARNING] Try to use a single 'var' statement per scope.
=ed.selection.getRng(); ---> var  <--- start=rng.startContainer;var end=rng

[WARNING] Try to use a single 'var' statement per scope.
);var start=rng.startContainer; ---> var  <--- end=rng.endContainer;if(start!=

[WARNING] Try to use a single 'var' statement per scope.
end&&rng.endOffset===0){ ---> var  <--- newEnd=findSelectionEnd(start,end);var 

[WARNING] Try to use a single 'var' statement per scope.
newEnd=findSelectionEnd(start,end); ---> var  <--- endOffset=newEnd.nodeType==3?newEnd.

[WARNING] Try to use a single 'var' statement per scope.
.select("td.mce-item-selected,th.mce-item-selected").length){ ---> var  <--- curSelNode=ed.selection.getNode();

[WARNING] Try to use a single 'var' statement per scope.
(rng){var startContainer,endContainer; ---> var  <--- commonAncestorContainer=rng.commonAncestorContainer;rng=expandRng(

[WARNING] Try to use a single 'var' statement per scope.
));node=node.firstChild; ---> var  <--- block=dom.getParent(formatNode,isTextBlock)

[WARNING] Try to use a single 'var' statement per scope.
:"raw",no_events:1}); ---> var  <--- bogusAllRegExp=/<(\w+) [^>]*data-mce-bogus="all"[^>]*>/g;var endTagIndex,index,matchLength

[WARNING] Try to use a single 'var' statement per scope.
1});var bogusAllRegExp=/<(\w+) [^>]*data-mce-bogus="all"[^>]*>/g; ---> var  <--- endTagIndex,index,matchLength,matches,shortEndedElements,

[WARNING] Try to use a single 'var' statement per scope.
addNonTypingUndoLevel(e);}return;} ---> var  <--- modKey=(e.ctrlKey&&!e.

[WARNING] Try to use a single 'var' statement per scope.
;index=data.length-1; ---> var  <--- args={level:level,lastLevel:lastLevel

[WARNING] Try to use a single 'var' statement per scope.
.selection,settings=editor.settings; ---> var  <--- undoManager=editor.undoManager,schema=editor.

[WARNING] Try to use a single 'var' statement per scope.
.test(root.nodeName)){ ---> var  <--- firstChild=firstNonWhiteSpaceNodeSibling(root.firstChild);if

[WARNING] Try to use a single 'var' statement per scope.
.dom,selection=editor.selection; ---> var  <--- schema=editor.schema,blockElements=schema.

[WARNING] Try to use a single 'var' statement per scope.
=editor.getBody(),rng; ---> var  <--- startContainer,startOffset,endContainer,endOffset,rootBlockNode;

[WARNING] Try to use a single 'var' statement per scope.
,startOffset,endContainer,endOffset,rootBlockNode; ---> var  <--- tempNode,offset=-16777215,wrapped,restoreSelection

[WARNING] Try to use a single 'var' statement per scope.
offset=-16777215,wrapped,restoreSelection; ---> var  <--- tmpRng,rootNodeName,forcedRootBlock;forcedRootBlock=settings.

[WARNING] Try to use a single 'var' statement per scope.
.each,extend=Tools.extend; ---> var  <--- map=Tools.map,inArray=Tools.

[WARNING] Try to use a single 'var' statement per scope.
.inArray,explode=Tools.explode; ---> var  <--- isGecko=Env.gecko,isIE=Env.

[WARNING] Try to use a single 'var' statement per scope.
.ie&&Env.ie<11; ---> var  <--- TRUE=true,FALSE=false;returnfunction

[WARNING] Try to use a single 'var' statement per scope.
!doc.queryCommandSupported(command)){ ---> var  <--- msg=editor.translate("Your browser doesn't support direct access to the clipboard. Please use the Ctrl+X/C/V keyboard shortcuts instead.");if

[WARNING] Try to use a single 'var' statement per scope.
,parentNode,rootNode,fragment,args; ---> var  <--- marker,rng,node,node2,bookmarkHtml,

[WARNING] Try to use a single 'var' statement per scope.
,node2,bookmarkHtml,merge,data; ---> var  <--- textInlineElements=editor.schema.getTextInlineElements();

[WARNING] Try to use a single 'var' statement per scope.
;rng=selection.getRng(); ---> var  <--- caretElement=rng.startContainer||(rng.parentElement

[WARNING] Try to use a single 'var' statement per scope.
rng.parentElement():null); ---> var  <--- body=editor.getBody();if(

[WARNING] Try to use a single 'var' statement per scope.
}parentNode=selection.getNode(); ---> var  <--- parserArgs={context:parentNode.nodeName.toLowerCase

[WARNING] Try to use a single 'var' statement per scope.
,value){var evt=value; ---> var  <--- brElm,extraBr,marker;var rng=selection

[WARNING] Try to use a single 'var' statement per scope.
value;var brElm,extraBr,marker; ---> var  <--- rng=selection.getRng(true);new 

[WARNING] Try to use a single 'var' statement per scope.
(dom).normalize(rng); ---> var  <--- offset=rng.startOffset;var container=rng

[WARNING] Try to use a single 'var' statement per scope.
);var offset=rng.startOffset; ---> var  <--- container=rng.startContainer;if(container.

[WARNING] Try to use a single 'var' statement per scope.
1&&container.hasChildNodes()){ ---> var  <--- isAfterLastNodeInContainer=offset>container.childNodes.length-

[WARNING] Try to use a single 'var' statement per scope.
}else{offset=0;}} ---> var  <--- parentBlock=dom.getParent(container,dom.

[WARNING] Try to use a single 'var' statement per scope.
getParent(container,dom.isBlock); ---> var  <--- parentBlockName=parentBlock?parentBlock.nodeName.toUpperCase(

[WARNING] Try to use a single 'var' statement per scope.
.nodeName.toUpperCase():""; ---> var  <--- containerBlock=parentBlock?dom.getParent(parentBlock.

[WARNING] Try to use a single 'var' statement per scope.
parentNode,dom.isBlock):null; ---> var  <--- containerBlockName=containerBlock?containerBlock.nodeName.toUpperCase(

[WARNING] Try to use a single 'var' statement per scope.
.nodeName.toUpperCase():""; ---> var  <--- isControlKey=evt&&evt.ctrlKey;if(

[WARNING] Try to use a single 'var' statement per scope.
TreeWalker(container,parentBlock),node; ---> var  <--- nonEmptyElementsMap=editor.schema.getNonEmptyElements();

[WARNING] Try to use a single 'var' statement per scope.
);rng.insertNode(brElm); ---> var  <--- documentMode=dom.doc.documentMode;if(

[WARNING] Try to use a single 'var' statement per scope.
"align"+command.substring(7); ---> var  <--- nodes=selection.isCollapsed()?[dom

[WARNING] Try to use a single 'var' statement per scope.
)]:selection.getSelectedBlocks(); ---> var  <--- matches=map(nodes,function(node)

[WARNING] Try to use a single 'var' statement per scope.
.each,trim=Tools.trim; ---> var  <--- queryParts="source protocol authority userInfo user password host port relative path directory file query anchor".split(" ");var 

[WARNING] Try to use a single 'var' statement per scope.
queryParts="source protocol authority userInfo user password host port relative path directory file query anchor".split(" "); ---> var  <--- DEFAULT_PORTS={ftp:21,http:80

[WARNING] Try to use a single 'var' statement per scope.
self.source=url;return;} ---> var  <--- isProtocolRelative=url.indexOf("//")===0

[WARNING] Try to use a single 'var' statement per scope.
{returnuri.getURI();} ---> var  <--- tu=self.getURI(),uu=

[WARNING] Try to use a single 'var' statement per scope.
.each,extend=Tools.extend; ---> var  <--- extendClass,initializing;functionClass(){}

[WARNING] Try to use a single 'var' statement per scope.
bubble!==false&&self.parent){ ---> var  <--- parent=self.parent();while(

[WARNING] Invalid hint syntax: use strict
["tinymce/util/Class"],function(Class){ ---> "use strict" <--- ;functionunique(array){var uniqueItems=

[WARNING] Try to use a single 'var' statement per scope.
returnuniqueItems;}var expression=/^([\w\\*]+)?(?:#([\w\\]+))?(?:\.([\w\\\.]+))?(?:\[\@?([\w\\]+)([\^\$\*!~]?=)([\w\\]+)\])?(?:\:(.+))?/i; ---> var  <--- chunker=/((?:\((?:\([^()]+\)|[^()]+)+\)|\[(?:\[[^\[\]]*\]|['"][^'"]*['"]|[^\[\]'"]+)+\]|\\.|[^ >+~,(\[\\]+)+|[>+~])(\s*,\s*)?((?:.|\r|\n)*)/g,whiteSpace=/^\s*|\s*$/g,Collection;

[WARNING] Try to use a single 'var' statement per scope.
=/((?:\((?:\([^()]+\)|[^()]+)+\)|\[(?:\[[^\[\]]*\]|['"][^'"]*['"]|[^\[\]'"]+)+\]|\\.|[^ >+~,(\[\\]+)+|[>+~])(\s*,\s*)?((?:.|\r|\n)*)/g,whiteSpace=/^\s*|\s*$/g,Collection; ---> var  <--- Selector=Class.extend({init:function

[WARNING] Invalid hint syntax: use strict
function(Tools,Selector,Class){ ---> "use strict" <--- ;var Collection,proto,push=Array.

[WARNING] Invalid hint syntax: use strict
],function(Tools,DOMUtils){ ---> "use strict" <--- ;var count=0;return{id:

[WARNING] Try to use a single 'var' statement per scope.
height;if(elm.getBoundingClientRect){ ---> var  <--- rect=elm.getBoundingClientRect();width=

[WARNING] Invalid hint syntax: use strict
"tinymce/ui/BoxUtils",[],function(){ ---> "use strict" <--- ;return{parseBox:function(value){

[WARNING] Invalid hint syntax: use strict
["tinymce/util/Tools"],function(Tools){ ---> "use strict" <--- ;functionnoop(){}functionClassList(

[WARNING] Try to use a single 'var' statement per scope.
clsValue;}value="";for( ---> var  <--- i=0;i<this.cls.

[WARNING] Invalid hint syntax: use strict
$,BoxUtils,ClassList,ReflowQueue){ ---> "use strict" <--- ;var hasMouseWheelEventSupport="onmousewheel" in document;var hasWheelEventSupport

[WARNING] Try to use a single 'var' statement per scope.
"use strict";var hasMouseWheelEventSupport="onmousewheel" in document; ---> var  <--- hasWheelEventSupport=false;var classPrefix="mce-";var 

[WARNING] Try to use a single 'var' statement per scope.
"onmousewheel" in document;var hasWheelEventSupport=false; ---> var  <--- classPrefix="mce-";var Control,idCounter=0

[WARNING] Try to use a single 'var' statement per scope.
hasWheelEventSupport=false;var classPrefix="mce-"; ---> var  <--- Control,idCounter=0;var proto={

[WARNING] Try to use a single 'var' statement per scope.
"mce-";var Control,idCounter=0; ---> var  <--- proto={Statics:{classPrefix:classPrefix}

[WARNING] Try to use a single 'var' statement per scope.
=self.settings,borderBox,layoutRect; ---> var  <--- elm=self.getEl(),width,

[WARNING] Try to use a single 'var' statement per scope.
,height,minWidth,minHeight,autoResize; ---> var  <--- startMinWidth,startMinHeight,initialSize;borderBox=self.

[WARNING] Try to use a single 'var' statement per scope.
||minWidth;height=height||minHeight; ---> var  <--- deltaW=borderBox.left+borderBox.right;

[WARNING] Try to use a single 'var' statement per scope.
=borderBox.left+borderBox.right; ---> var  <--- deltaH=borderBox.top+borderBox.bottom;

[WARNING] Try to use a single 'var' statement per scope.
=borderBox.top+borderBox.bottom; ---> var  <--- maxW=settings.maxWidth||65535;var maxH

[WARNING] Try to use a single 'var' statement per scope.
var maxW=settings.maxWidth||65535; ---> var  <--- maxH=settings.maxHeight||65535;self.

[WARNING] Try to use a single 'var' statement per scope.
,bodyStyle,bodyElm,rect,borderBox; ---> var  <--- borderW=0,borderH=0,lastRepaintRect,

[WARNING] Try to use a single 'var' statement per scope.
bubble!==false&&self.parent){ ---> var  <--- parent=self.parent();while(

[WARNING] Try to use a single 'var' statement per scope.
i;if(self.items){ ---> var  <--- controls=self.items().toArray(

[WARNING] Try to use a single 'var' statement per scope.
(elm).off();} ---> var  <--- lookup=self.getRoot().controlIdLookup;

[WARNING] Try to use a single 'var' statement per scope.
"border-left-width":box.left});} ---> var  <--- root=self.getRoot();if(

[WARNING] Try to use a single 'var' statement per scope.
self._id]=self;for( ---> var  <--- key in self._aria){self.aria

[WARNING] Try to use a single 'var' statement per scope.
(),parentElm=elm.parentNode; ---> var  <--- x,y,width,height,parentWidth,

[WARNING] Try to use a single 'var' statement per scope.
,width,height,parentWidth,parentHeight; ---> var  <--- pos=getOffset(elm,parentElm);x

[WARNING] Try to use a single 'var' statement per scope.
!rootControl){rootControl=this;} ---> var  <--- i=parents.length;while(i--

[WARNING] Try to use a single 'var' statement per scope.
[i]._eventsRoot=eventRootCtrl;} ---> var  <--- eventRootDelegates=eventRootCtrl._delegates;if(!eventRootDelegates

[WARNING] Invalid hint syntax: use strict
"tinymce/ui/Factory",[],function(){ ---> "use strict" <--- ;var types={},namespaceInit;return

[WARNING] Invalid hint syntax: use strict
"tinymce/ui/KeyboardNavigation",[],function(){ ---> "use strict" <--- ;returnfunction(settings){var root=

[WARNING] Try to use a single 'var' statement per scope.
controls.unshift(targetControl);for( ---> var  <--- i=0;i<controls.length;

[WARNING] Try to use a single 'var' statement per scope.
{var navigationRoot=getNavigationRoot(targetControl); ---> var  <--- focusElements=getFocusElements(navigationRoot.getEl())

[WARNING] Try to use a single 'var' statement per scope.
navigationRoot.getEl());for( ---> var  <--- i=0;i<elements.length;

[WARNING] Try to use a single 'var' statement per scope.
);if(parentRole=="tablist"){ ---> var  <--- elm=getFocusElements(focusedControl.getEl("body")

[WARNING] Try to use a single 'var' statement per scope.
);}returntrue;}else{ ---> var  <--- navigationRoot=getNavigationRoot(),ignoreTab=navigationRoot&&

[WARNING] Invalid hint syntax: use strict
Tools,$,ClassList,ReflowQueue){ ---> "use strict" <--- ;var selectorCache={};returnControl.

[WARNING] Try to use a single 'var' statement per scope.
){var self=this;for( ---> var  <--- name in data){self.find("#"

[WARNING] Invalid hint syntax: use strict
["tinymce/dom/DomQuery"],function($){ ---> "use strict" <--- ;functiongetDocumentSize(doc){var documentElement,

[WARNING] Try to use a single 'var' statement per scope.
var documentElement,body,scrollWidth,clientWidth; ---> var  <--- offsetWidth,scrollHeight,clientHeight,offsetHeight,max=

[WARNING] Invalid hint syntax: use strict
],function($,DragHelper){ ---> "use strict" <--- ;return{init:function(){var 

[WARNING] Try to use a single 'var' statement per scope.
){var containerElm,scrollBarElm,scrollThumbElm; ---> var  <--- containerSize,scrollSize,ratio,rect;var posNameLower

[WARNING] Try to use a single 'var' statement per scope.
var containerSize,scrollSize,ratio,rect; ---> var  <--- posNameLower,sizeNameLower;scrollBarElm=self.getEl(

[WARNING] Invalid hint syntax: use strict
],function(Container,Scrollable){ ---> "use strict" <--- ;returnContainer.extend({Defaults:{

[WARNING] Invalid hint syntax: use strict
["tinymce/ui/DomUtils"],function(DomUtils){ ---> "use strict" <--- ;functioncalculateRelativePosition(ctrl,targetElm,rel)

[WARNING] Try to use a single 'var' statement per scope.
=DomUtils.getViewPort();for( ---> var  <--- i=0;i<rels.length;

[WARNING] Try to use a single 'var' statement per scope.
<rels.length;i++){ ---> var  <--- pos=calculateRelativePosition(this,elm,rels[

[WARNING] Try to use a single 'var' statement per scope.
if(self.settings.constrainToViewport){ ---> var  <--- viewPortRect=DomUtils.getViewPort(window);var 

[WARNING] Try to use a single 'var' statement per scope.
viewPortRect=DomUtils.getViewPort(window); ---> var  <--- layoutRect=self.layoutRect();x=

[WARNING] Invalid hint syntax: use strict
["tinymce/ui/DomUtils"],function(DomUtils){ ---> "use strict" <--- ;return{resizeToContent:function(){this

[WARNING] Invalid hint syntax: use strict
Movable,Resizable,DomUtils,$){ ---> "use strict" <--- ;var documentClickHandler,documentScrollHandler,windowResizeHandler,visiblePanels=

[WARNING] Try to use a single 'var' statement per scope.
documentScrollHandler,windowResizeHandler,visiblePanels=[]; ---> var  <--- zOrder=[],hasModal;functionisChildOf(

[WARNING] Try to use a single 'var' statement per scope.
.length;while(i--){ ---> var  <--- panel=visiblePanels[i],clickCtrl=panel

[WARNING] Try to use a single 'var' statement per scope.
,deltaY){var parent;for( ---> var  <--- i=0;i<visiblePanels.length;

[WARNING] Try to use a single 'var' statement per scope.
zIndex=zIndex;zIndex++;}} ---> var  <--- modalBlockEl=document.getElementById(ctrl.classPrefix+

[WARNING] Try to use a single 'var' statement per scope.
}}FloatPanel.currentZIndex=zIndex;} ---> var  <--- FloatPanel=Panel.extend({Mixins:[

[WARNING] Try to use a single 'var' statement per scope.
.state.get("rendered")){ ---> var  <--- viewport=DomUtils.getViewPort();if(

[WARNING] Try to use a single 'var' statement per scope.
.length;while(i--){ ---> var  <--- panel=visiblePanels[i];if(panel

[WARNING] Invalid hint syntax: use strict
$,DragHelper,BoxUtils,Env){ ---> "use strict" <--- ;var windows=[],oldMetaValue=""

[WARNING] Try to use a single 'var' statement per scope.
.on("resize",reposition);} ---> var  <--- Window=FloatPanel.extend({modal:true

[WARNING] Try to use a single 'var' statement per scope.
headEl=self.getEl("head"); ---> var  <--- size=DomUtils.getSize(headEl);layoutRect

[WARNING] Try to use a single 'var' statement per scope.
+=deltaH;layoutRect.h+=deltaH; ---> var  <--- rect=DomUtils.getWindowSize();layoutRect.

[WARNING] Try to use a single 'var' statement per scope.
._id,prefix=self.classPrefix; ---> var  <--- settings=self.settings,headerHtml="",

[WARNING] Try to use a single 'var' statement per scope.
new Date().getTime(); ---> var  <--- rect=DomUtils.getWindowSize();self.

[WARNING] Try to use a single 'var' statement per scope.
self.classes.add("fullscreen"); ---> var  <--- rect=DomUtils.getWindowSize();self.

[WARNING] Invalid hint syntax: use strict
["tinymce/ui/Window"],function(Window){ ---> "use strict" <--- ;var MessageBox=Window.extend({init

[WARNING] Try to use a single 'var' statement per scope.
.each,$=editor.$; ---> var  <--- BACKSPACE=VK.BACKSPACE,DELETE=VK.

[WARNING] Try to use a single 'var' statement per scope.
.parser,serializer=editor.serializer; ---> var  <--- isGecko=Env.gecko,isIE=Env.

[WARNING] Try to use a single 'var' statement per scope.
.ie,isWebKit=Env.webkit; ---> var  <--- mceInternalUrlPrefix="data:text/mce-internal,";var mceInternalDataType=isIE?"Text"

[WARNING] Try to use a single 'var' statement per scope.
Env.webkit;var mceInternalUrlPrefix="data:text/mce-internal,"; ---> var  <--- mceInternalDataType=isIE?"Text":"URL";functionsetEditorCommandState

[WARNING] Try to use a single 'var' statement per scope.
.dom,selection=editor.selection; ---> var  <--- MutationObserver=window.MutationObserver,olderWebKit,dragStartRng;

[WARNING] Try to use a single 'var' statement per scope.
||e.keyCode==BACKSPACE)){ ---> var  <--- rng=editor.selection.getRng(),

[WARNING] Try to use a single 'var' statement per scope.
body=dom.create("body"); ---> var  <--- contents=rng.cloneContents();body.

[WARNING] Try to use a single 'var' statement per scope.
.compareRanges(rng,bodyRng);} ---> var  <--- selection=serializeRng(rng);var allRng=

[WARNING] Try to use a single 'var' statement per scope.
}var selection=serializeRng(rng); ---> var  <--- allRng=dom.createRng();allRng.

[WARNING] Try to use a single 'var' statement per scope.
selectNode(editor.getBody()); ---> var  <--- allSelection=serializeRng(allRng);returnselection===

[WARNING] Try to use a single 'var' statement per scope.
var node=selection.getNode(); ---> var  <--- previousSibling=node.previousSibling;if(node.

[WARNING] Try to use a single 'var' statement per scope.
id){e.preventDefault(); ---> var  <--- rng=RangeUtils.getCaretRangeFromPoint(e.x,

[WARNING] Try to use a single 'var' statement per scope.
.length;while(i--){ ---> var  <--- body=editors[i].getBody()

[WARNING] Try to use a single 'var' statement per scope.
delegates[eventName]=delegate;}} ---> var  <--- EditorObservable={bindPendingEventDelegates:function(){var 

[WARNING] Try to use a single 'var' statement per scope.
.each,explode=Tools.explode; ---> var  <--- keyCodeLookup={f9:120,f10:121

[WARNING] Try to use a single 'var' statement per scope.
f10:121,f11:122}; ---> var  <--- modifierNames=Tools.makeMap("alt,ctrl,shift,meta,access");return

[WARNING] Try to use a single 'var' statement per scope.
(thisArg,arguments);};} ---> var  <--- isArray=Array.isArray||function(value)

[WARNING] Try to use a single 'var' statement per scope.
(me._value);return;} ---> var  <--- ret;try{ret=cb(me.

[WARNING] Try to use a single 'var' statement per scope.
reject(ex);}}for( ---> var  <--- i=0;i<args.length;

[WARNING] Try to use a single 'var' statement per scope.
.ThemeManager,PluginManager=AddOnManager.PluginManager; ---> var  <--- extend=Tools.extend,each=Tools.

[WARNING] Try to use a single 'var' statement per scope.
.each,explode=Tools.explode; ---> var  <--- inArray=Tools.inArray,trim=Tools.

[WARNING] Try to use a single 'var' statement per scope.
.trim,resolve=Tools.resolve; ---> var  <--- Event=EventUtils.Event;var isGecko=Env

[WARNING] Try to use a single 'var' statement per scope.
resolve;var Event=EventUtils.Event; ---> var  <--- isGecko=Env.gecko,ie=Env.

[WARNING] Try to use a single 'var' statement per scope.
else{self.inline=true;} ---> var  <--- form=self.getElement().form||

[WARNING] Try to use a single 'var' statement per scope.
.urls[settings.theme]){ ---> var  <--- themeUrl=settings.theme_url;if(themeUrl)

[WARNING] Try to use a single 'var' statement per scope.
,elm=self.getElement(); ---> var  <--- w,h,minHeight,n,o,

[WARNING] Try to use a single 'var' statement per scope.
.contentCSS.length;i++){ ---> var  <--- cssUrl=self.contentCSS[i];self

[WARNING] Try to use a single 'var' statement per scope.
+'" data-id="'+self.id+'"><br></body></html>'; ---> var  <--- domainRelaxUrl='javascript:(function(){document.open();document.domain="'+document.domain+'";var ed = window.parent.tinymce.get("'+

[WARNING] Try to use a single 'var' statement per scope.
12){url=domainRelaxUrl;}} ---> var  <--- ifr=DOM.create("iframe",{id

[WARNING] Try to use a single 'var' statement per scope.
=self.settings.content_editable,rng; ---> var  <--- controlElm,doc=self.getDoc(),

[WARNING] Invalid hint syntax: use strict
"tinymce/util/I18n",[],function(){ ---> "use strict" <--- ;var data={},code="en"

[WARNING] Try to use a single 'var' statement per scope.
=langData={};}for( ---> var  <--- name in items){langData[name]=

[WARNING] Try to use a single 'var' statement per scope.
;}if(text.push){ ---> var  <--- values=text.slice(1);text

[WARNING] Try to use a single 'var' statement per scope.
if(activeEditor&&activeEditor.selection){ ---> var  <--- rng=activeEditor.selection.getRng();

[WARNING] Try to use a single 'var' statement per scope.
,activeEditor.getBody())){ ---> var  <--- rng=activeEditor.selection.getRng();

[WARNING] Try to use a single 'var' statement per scope.
){var DOM=DOMUtils.DOM; ---> var  <--- explode=Tools.explode,each=Tools.

[WARNING] Try to use a single 'var' statement per scope.
.each,extend=Tools.extend; ---> var  <--- instanceCounter=0,beforeUnloadDelegate,EditorManager,boundGlobalEvents=

[WARNING] Try to use a single 'var' statement per scope.
editors[editor.id];for( ---> var  <--- i=0;i<editors.length;

[WARNING] Try to use a single 'var' statement per scope.
suffix=preInit.suffix;}else{ ---> var  <--- scripts=document.getElementsByTagName("script");for

[WARNING] Try to use a single 'var' statement per scope.
document.getElementsByTagName("script");for( ---> var  <--- i=0;i<scripts.length;

[WARNING] Try to use a single 'var' statement per scope.
src=scripts[i].src; ---> var  <--- srcScript=src.substring(src.lastIndexOf(

[WARNING] Try to use a single 'var' statement per scope.
?settings.count:self.count; ---> var  <--- id="tinymce_jsonp_"+count;self.callbacks[

[WARNING] Try to use a single 'var' statement per scope.
getAttribute(userDataKey)||"";do{ ---> var  <--- offset=next();if(offset===

[WARNING] Try to use a single 'var' statement per scope.
!hasOldIEDataSupport){return;}for( ---> var  <--- key in items){value=items[key

[WARNING] Invalid hint syntax: use strict
],function(Class,Tools){ ---> "use strict" <--- ;returnClass.extend({Defaults:{

[WARNING] Invalid hint syntax: use strict
["tinymce/ui/Layout"],function(Layout){ ---> "use strict" <--- ;returnLayout.extend({Defaults:{

[WARNING] Invalid hint syntax: use strict
],function(Control,Tooltip){ ---> "use strict" <--- ;var tooltip;var Widget=Control.extend

[WARNING] Try to use a single 'var' statement per scope.
,Tooltip){"use strict";var tooltip; ---> var  <--- Widget=Control.extend({init:function

[WARNING] Try to use a single 'var' statement per scope.
if(e.control==self){ ---> var  <--- rel=tooltip.text(settings.tooltip)

[WARNING] Invalid hint syntax: use strict
["tinymce/ui/Widget"],function(Widget){ ---> "use strict" <--- ;returnWidget.extend({Defaults:{

[WARNING] Try to use a single 'var' statement per scope.
._id,prefix=self.classPrefix; ---> var  <--- icon=self.state.get("icon")

[WARNING] Try to use a single 'var' statement per scope.
+self.settings.icon:""; ---> var  <--- btnElm=self.getEl().firstChild,

[WARNING] Invalid hint syntax: use strict
["tinymce/ui/Container"],function(Container){ ---> "use strict" <--- ;returnContainer.extend({Defaults:{

[WARNING] Invalid hint syntax: use strict
["tinymce/ui/Widget"],function(Widget){ ---> "use strict" <--- ;returnWidget.extend({Defaults:{

[WARNING] Try to use a single 'var' statement per scope.
+self.settings.icon:""; ---> var  <--- btnElm=self.getEl().firstChild,

[WARNING] Invalid hint syntax: use strict
Widget,Factory,DomUtils,$){ ---> "use strict" <--- ;returnWidget.extend({init:function

[WARNING] Try to use a single 'var' statement per scope.
,rect=self.layoutRect(); ---> var  <--- width,lineHeight;if(openElm){width

[WARNING] Try to use a single 'var' statement per scope.
width=rect.w-10;} ---> var  <--- doc=document;if(doc.all&&

[WARNING] Try to use a single 'var' statement per scope.
.settings,prefix=self.classPrefix; ---> var  <--- value=self.state.get("value")

[WARNING] Try to use a single 'var' statement per scope.
state.get("value")||""; ---> var  <--- icon,text,openBtnHtml="",extraAttrs=

[WARNING] Invalid hint syntax: use strict
["tinymce/ui/ComboBox"],function(ComboBox){ ---> "use strict" <--- ;returnComboBox.extend({init:function

[WARNING] Invalid hint syntax: use strict
],function(Button,FloatPanel){ ---> "use strict" <--- ;returnButton.extend({showPanel:function

[WARNING] Try to use a single 'var' statement per scope.
;if(!self.panel){ ---> var  <--- panelSettings=settings.panel;if(panelSettings.

[WARNING] Invalid hint syntax: use strict
],function(PanelButton,DomUtils){ ---> "use strict" <--- ;var DOM=DomUtils.DOM;returnPanelButton

[WARNING] Try to use a single 'var' statement per scope.
self.state.get("text"); ---> var  <--- icon=self.settings.icon?prefix+

[WARNING] Try to use a single 'var' statement per scope.
+self.settings.icon:""; ---> var  <--- image=self.settings.image?" style=\"background-image: url('"+

[WARNING] Invalid hint syntax: use strict
Widget,DragHelper,DomUtils,Color){ ---> "use strict" <--- ;returnWidget.extend({Defaults:{

[WARNING] Try to use a single 'var' statement per scope.
,prefix=self.classPrefix,hueHtml; ---> var  <--- stops="#ff0000,#ff0080,#ff00ff,#8000ff,#0000ff,#0080ff,#00ffff,#00ff80,#00ff00,#80ff00,#ffff00,#ff8000,#ff0000";functiongetOldIeFallbackHtml(){var 

[WARNING] Try to use a single 'var' statement per scope.
+')"></div>');}returnhtml;} ---> var  <--- gradientCssText=("background: -ms-linear-gradient(top,"+stops+");background: linear-gradient(to bottom,"+stops

[WARNING] Invalid hint syntax: use strict
["tinymce/ui/Widget"],function(Widget){ ---> "use strict" <--- ;returnWidget.extend({init:function

[WARNING] Try to use a single 'var' statement per scope.
isHidden(parents[i])){ ---> var  <--- args=editor.fire("ResolveName",{name

[WARNING] Invalid hint syntax: use strict
["tinymce/ui/Container"],function(Container){ ---> "use strict" <--- ;returnContainer.extend({Defaults:{

[WARNING] Invalid hint syntax: use strict
function(Container,FormItem,Tools){ ---> "use strict" <--- ;returnContainer.extend({Defaults:{

[WARNING] Invalid hint syntax: use strict
["tinymce/ui/Form"],function(Form){ ---> "use strict" <--- ;returnForm.extend({Defaults:{

[WARNING] Invalid hint syntax: use strict
],function(ComboBox,Tools){ ---> "use strict" <--- ;returnComboBox.extend({init:function

[WARNING] Try to use a single 'var' statement per scope.
.activeEditor,editorSettings=editor.settings; ---> var  <--- actionCallback,fileBrowserCallback,fileBrowserCallbackTypes;settings.spellcheck=

[WARNING] Invalid hint syntax: use strict
["tinymce/ui/AbsoluteLayout"],function(AbsoluteLayout){ ---> "use strict" <--- ;returnAbsoluteLayout.extend({recalc:function

[WARNING] Invalid hint syntax: use strict
["tinymce/ui/AbsoluteLayout"],function(AbsoluteLayout){ ---> "use strict" <--- ;returnAbsoluteLayout.extend({recalc:function

[WARNING] Try to use a single 'var' statement per scope.
,spacing,totalFlex,availableSpace,direction; ---> var  <--- ctrl,ctrlLayoutRect,ctrlSettings,flex,maxSizeItems=

[WARNING] Try to use a single 'var' statement per scope.
,ratio,rect,pos,maxAlignEndPos; ---> var  <--- sizeName,minSizeName,posName,maxSizeName,beforeName,

[WARNING] Try to use a single 'var' statement per scope.
,beforeName,innerSizeName,deltaSizeName,contentSizeName; ---> var  <--- alignAxisName,alignInnerSizeName,alignSizeName,alignMinSizeName,alignBeforeName,

[WARNING] Try to use a single 'var' statement per scope.
,alignSizeName,alignMinSizeName,alignBeforeName,alignAfterName; ---> var  <--- alignDeltaSizeName,alignContentSizeName;var max=Math.max

[WARNING] Try to use a single 'var' statement per scope.
alignBeforeName,alignAfterName;var alignDeltaSizeName,alignContentSizeName; ---> var  <--- max=Math.max,min=Math.

[WARNING] Try to use a single 'var' statement per scope.
if(container._lastRect===null){ ---> var  <--- parentCtrl=container.parent();if(

[WARNING] Try to use a single 'var' statement per scope.
){var formatter=editor.formatter; ---> var  <--- value=null;each(e.parents,

[WARNING] Try to use a single 'var' statement per scope.
count=0,newFormats=[]; ---> var  <--- defaultStyleFormats=[{title:"Headings",items:

[WARNING] Try to use a single 'var' statement per scope.
(format.items);}else{ ---> var  <--- formatName=format.format||"custom"+count++

[WARNING] Try to use a single 'var' statement per scope.
function(){var defaultFontsFormats="Andale Mono=andale mono,monospace;Arial=arial,helvetica,sans-serif;Arial Black=arial black,sans-serif;Book Antiqua=book antiqua,palatino,serif;Comic Sans MS=comic sans ms,sans-serif;Courier New=courier new,courier,monospace;Georgia=georgia,palatino,serif;Helvetica=helvetica,arial,sans-serif;Impact=impact,sans-serif;Symbol=symbol;Tahoma=tahoma,arial,helvetica,sans-serif;Terminal=terminal,monaco,monospace;Times New Roman=times new roman,times,serif;Trebuchet MS=trebuchet ms,geneva,sans-serif;Verdana=verdana,geneva,sans-serif;Webdings=webdings;Wingdings=wingdings,zapf dingbats"; ---> var  <--- items=[],fonts=createFormats(editor

[WARNING] Try to use a single 'var' statement per scope.
items=[],defaultFontsizeFormats="8pt 10pt 12pt 14pt 18pt 24pt 36pt"; ---> var  <--- fontsize_formats=editor.settings.fontsize_formats||defaultFontsizeFormats;

[WARNING] Try to use a single 'var' statement per scope.
var text=item,value=item; ---> var  <--- values=item.split("=");if

[WARNING] Invalid hint syntax: use strict
["tinymce/ui/AbsoluteLayout"],function(AbsoluteLayout){ ---> "use strict" <--- ;returnAbsoluteLayout.extend({recalc:function

[WARNING] Try to use a single 'var' statement per scope.
if(container._lastRect===null){ ---> var  <--- parentCtrl=container.parent();if(

[WARNING] Try to use a single 'var' statement per scope.
rect.minH-contLayoutRect.deltaH;} ---> var  <--- flexV;if(settings.packV=="start")

[WARNING] Try to use a single 'var' statement per scope.
(availableHeight/rows):0;} ---> var  <--- totalFlex=0;var flexWidths=settings.flexWidths

[WARNING] Try to use a single 'var' statement per scope.
:0;}var totalFlex=0; ---> var  <--- flexWidths=settings.flexWidths;if(flexWidths)

[WARNING] Try to use a single 'var' statement per scope.
}}else{totalFlex=cols;} ---> var  <--- ratio=availableWidth/totalFlex;for(x=

[WARNING] Invalid hint syntax: use strict
["tinymce/ui/Widget"],function(Widget){ ---> "use strict" <--- ;returnWidget.extend({renderHtml:function

[WARNING] Invalid hint syntax: use strict
],function(Widget,DomUtils){ ---> "use strict" <--- ;returnWidget.extend({init:function

[WARNING] Try to use a single 'var' statement per scope.
if(self.settings.multiline){ ---> var  <--- size=DomUtils.getSize(self.getEl(

[WARNING] Invalid hint syntax: use strict
],function(Button,Factory){ ---> "use strict" <--- ;functionisChildOf(node,parent){while

[WARNING] Try to use a single 'var' statement per scope.
._id,prefix=self.classPrefix; ---> var  <--- icon=self.settings.icon,image,

[WARNING] Try to use a single 'var' statement per scope.
+prefix+"i-"+icon:""; ---> var  <--- parentrolemap={buttongroup:"button",toolbar:"button"

[WARNING] Invalid hint syntax: use strict
function(Widget,Factory,Env){ ---> "use strict" <--- ;returnWidget.extend({Defaults:{

[WARNING] Try to use a single 'var' statement per scope.
menu.classes.add("menu-sub"); ---> var  <--- rel=menu.testMoveRel(self.getEl(

[WARNING] Try to use a single 'var' statement per scope.
.state.get("text")); ---> var  <--- icon=self.settings.icon,image=

[WARNING] Try to use a single 'var' statement per scope.
=this,settings=self.settings; ---> var  <--- textStyle=settings.textStyle;if(typeoftextStyle

[WARNING] Try to use a single 'var' statement per scope.
this);}if(textStyle){ ---> var  <--- textElm=self.getEl("text");if

[WARNING] Invalid hint syntax: use strict
function(FloatPanel,MenuItem,Tools){ ---> "use strict" <--- ;var Menu=FloatPanel.extend({Defaults

[WARNING] Try to use a single 'var' statement per scope.
true;if(settings.itemDefaults){ ---> var  <--- items=settings.items,i=items.

[WARNING] Invalid hint syntax: use strict
],function(MenuButton,Menu){ ---> "use strict" <--- ;returnMenuButton.extend({init:function

[WARNING] Try to use a single 'var' statement per scope.
!menuValues){return;}for( ---> var  <--- i=0;i<menuValues.length;

[WARNING] Invalid hint syntax: use strict
["tinymce/ui/Container"],function(Container){ ---> "use strict" <--- ;returnContainer.extend({Defaults:{

[WARNING] Invalid hint syntax: use strict
["tinymce/ui/Toolbar"],function(Toolbar){ ---> "use strict" <--- ;returnToolbar.extend({Defaults:{

[WARNING] Invalid hint syntax: use strict
["tinymce/ui/Checkbox"],function(Checkbox){ ---> "use strict" <--- ;returnCheckbox.extend({Defaults:{

[WARNING] Invalid hint syntax: use strict
"tinymce/ui/Rect",[],function(){ ---> "use strict" <--- ;var min=Math.min,max=

[WARNING] Invalid hint syntax: use strict
],function(Widget,DragHelper){ ---> "use strict" <--- ;returnWidget.extend({renderHtml:function

[WARNING] Invalid hint syntax: use strict
function(Widget,DragHelper,DomUtils){ ---> "use strict" <--- ;functionconstrain(value,minVal,maxVal)

[WARNING] Try to use a single 'var' statement per scope.
,value,minValue,maxValue,maxHandlePos; ---> var  <--- screenCordName,stylePosName,sizeName,shortSizeName;minValue=

[WARNING] Invalid hint syntax: use strict
["tinymce/ui/Widget"],function(Widget){ ---> "use strict" <--- ;returnWidget.extend({renderHtml:function

[WARNING] Try to use a single 'var' statement per scope.
,prefix=self.classPrefix,image; ---> var  <--- icon=self.state.get("icon")

[WARNING] Invalid hint syntax: use strict
["tinymce/ui/FlowLayout"],function(FlowLayout){ ---> "use strict" <--- ;returnFlowLayout.extend({Defaults:{

[WARNING] Invalid hint syntax: use strict
function(Panel,$,DomUtils){ ---> "use strict" <--- ;returnPanel.extend({Defaults:{

[WARNING] Try to use a single 'var' statement per scope.
id==self._id+"-head"){ ---> var  <--- i=targetParent.childNodes.length;while(

[WARNING] Try to use a single 'var' statement per scope.
h:minH});}); ---> var  <--- headH=DomUtils.getSize(self.getEl(

[WARNING] Invalid hint syntax: use strict
["tinymce/ui/Widget"],function(Widget){ ---> "use strict" <--- ;returnWidget.extend({init:function

[WARNING] Try to use a single 'var' statement per scope.
lastRepaintRect=self._lastRepaintRect||{}; ---> var  <--- doc=document;if(!self.settings

[WARNING] Invalid hint syntax: use strict
],function($,Control){ ---> "use strict" <--- ;returnfunction(elm,inline){var 

[WARNING] Try to use a single 'var' statement per scope.
0){return"zh_TW";}for( ---> var  <--- i=0,c=tinyMCE.locale_list.

[WARNING] Try to use a single 'var' statement per scope.
var emoticonsHtml;emoticonsHtml=['<table role="presentation" class="mce-grid">']; ---> var  <--- emoticons=[];for(var icon in 

[WARNING] Try to use a single 'var' statement per scope.
;var emoticons=[];for( ---> var  <--- icon in tinyMCE.emoticon_map){emoticons.push

[WARNING] Try to use a single 'var' statement per scope.
){emoticonsHtml.push("<tr>"); ---> var  <--- row=emoticons.splice(0,4)

[WARNING] Try to use a single 'var' statement per scope.
splice(0,4);for( ---> var  <--- i=0;i<row.length;

[WARNING] Try to use a single 'var' statement per scope.
<row.length;i++){ ---> var  <--- icon=row[i];var emoticonUrl=

[WARNING] The variable icon has already been declared in the same scope...
row.length;i++){var  ---> icon <--- =row[i];var emoticonUrl=tinyMCE

[WARNING] Try to use a single 'var' statement per scope.
{var icon=row[i]; ---> var  <--- emoticonUrl=tinyMCE.emoticon_map[icon];emoticonsHtml

[WARNING] Try to use a single 'var' statement per scope.
,"a");if(linkElm){ ---> var  <--- orig=editor.settings.paste_data_images;editor.

[WARNING] Try to use a single 'var' statement per scope.
.parentNode;}}gridHtml='<table role="presentation" cellspacing="0" class="mce-charmap"><tbody>'; ---> var  <--- width=25;var height=Math.ceil

[WARNING] Try to use a single 'var' statement per scope.
gridHtml='<table role="presentation" cellspacing="0" class="mce-charmap"><tbody>';var width=25; ---> var  <--- height=Math.ceil(charmap.length/

[WARNING] Try to use a single 'var' statement per scope.
;x<width;x++){ ---> var  <--- index=y*width+x;if(

[WARNING] Try to use a single 'var' statement per scope.
if(index<charmap.length){ ---> var  <--- chr=charmap[index];gridHtml+='<td title="'

[WARNING] Try to use a single 'var' statement per scope.
gridHtml+="</tr>";}gridHtml+="</tbody></table>"; ---> var  <--- charMapPanel={type:"container",html:gridHtml

[WARNING] Try to use a single 'var' statement per scope.
||"link image inserttable | cell row column deletetable";if(!menu){ ---> var  <--- items=[];tinymce.each(contextmenu

[WARNING] Try to use a single 'var' statement per scope.
item);}});for( ---> var  <--- i=0;i<items.length;

[WARNING] Try to use a single 'var' statement per scope.
else{menu.show();} ---> var  <--- pos={x:e.pageX,y

[WARNING] Try to use a single 'var' statement per scope.
(){done();}; ---> var  <--- style=img.style;style.visibility=

[WARNING] Try to use a single 'var' statement per scope.
=editor.selection.getNode(); ---> var  <--- width,height,imageListCtrl,classListCtrl,imageDimensions=

[WARNING] Try to use a single 'var' statement per scope.
;};}})};} ---> var  <--- generalFormItems=[{name:"src",type:

[WARNING] Try to use a single 'var' statement per scope.
.dom,selectedElm,anchorElm,initialText; ---> var  <--- win,onlyText,textListCtrl,linkListCtrl,relListCtrl,

[WARNING] Try to use a single 'var' statement per scope.
returnfalse;}if(anchorElm){ ---> var  <--- nodes=anchorElm.childNodes,i;if(

[WARNING] Invalid hint syntax: use strict
{(function(exports,undefined){ ---> "use strict" <--- ;var modules={};functionrequire(

[WARNING] Try to use a single 'var' statement per scope.
module,defs=[];for( ---> var  <--- i=0;i<ids.length;

[WARNING] Try to use a single 'var' statement per scope.
(id){var target=exports; ---> var  <--- fragments=id.split(/[.\/]/);for

[WARNING] Try to use a single 'var' statement per scope.
id.split(/[.\/]/);for( ---> var  <--- fi=0;fi<fragments.length;

[WARNING] Try to use a single 'var' statement per scope.
id.split(/[.\/]/);for( ---> var  <--- fi=0;fi<fragments.length-

[WARNING] Try to use a single 'var' statement per scope.
},schema),text=""; ---> var  <--- shortEndedElements=schema.getShortEndedElements();var ignoreElements

[WARNING] Try to use a single 'var' statement per scope.
var shortEndedElements=schema.getShortEndedElements(); ---> var  <--- ignoreElements=Tools.makeMap("script noscript style textarea video audio iframe object"," ")

[WARNING] Try to use a single 'var' statement per scope.
Tools.makeMap("script noscript style textarea video audio iframe object"," "); ---> var  <--- blockElements=schema.getBlockElements();functionwalk

[WARNING] Try to use a single 'var' statement per scope.
,keyboardPasteTimeStamp=0,draggingInternally=false; ---> var  <--- pasteBinDefaultContent="%MCEPASTEBIN%",keyboardPastePlainTextState;var mceInternalUrlPrefix="data:text/mce-internal,"

[WARNING] Try to use a single 'var' statement per scope.
false;var pasteBinDefaultContent="%MCEPASTEBIN%",keyboardPastePlainTextState; ---> var  <--- mceInternalUrlPrefix="data:text/mce-internal,";functionpasteHtml(html){

[WARNING] Try to use a single 'var' statement per scope.
&&!args.isDefaultPrevented()){ ---> var  <--- tempBody=dom.add(editor.getBody(

[WARNING] Try to use a single 'var' statement per scope.
),editor.dom.isBlock); ---> var  <--- forcedRootBlockName=editor.settings.forced_root_block;var forcedRootBlockStartHtml

[WARNING] Try to use a single 'var' statement per scope.
var forcedRootBlockName=editor.settings.forced_root_block; ---> var  <--- forcedRootBlockStartHtml;if(forcedRootBlockName){forcedRootBlockStartHtml=editor

[WARNING] Try to use a single 'var' statement per scope.
,body=editor.getBody(); ---> var  <--- viewport=editor.dom.getViewPort(editor.

[WARNING] Try to use a single 'var' statement per scope.
=viewport.y,top=20; ---> var  <--- scrollContainer;lastRng=editor.selection.getRng(

[WARNING] Try to use a single 'var' statement per scope.
}}if(lastRng.getClientRects){ ---> var  <--- rect=getCaretRect(lastRng);if(rect

[WARNING] Try to use a single 'var' statement per scope.
);}else{top=scrollTop; ---> var  <--- container=lastRng.startContainer;if(container)

[WARNING] Try to use a single 'var' statement per scope.
){if(dataTransfer.getData){ ---> var  <--- legacyText=dataTransfer.getData("Text");if

[WARNING] Try to use a single 'var' statement per scope.
if(dataTransfer.types){for( ---> var  <--- i=0;i<dataTransfer.types.

[WARNING] Try to use a single 'var' statement per scope.
.types.length;i++){ ---> var  <--- contentType=dataTransfer.types[i],data

[WARNING] Try to use a single 'var' statement per scope.
new Date().getTime(); ---> var  <--- clipboardContent=getClipboardContent(e);var clipboardDelay=

[WARNING] Try to use a single 'var' statement per scope.
;var clipboardContent=getClipboardContent(e); ---> var  <--- clipboardDelay=new Date().getTime()

[WARNING] Try to use a single 'var' statement per scope.
().getTime()-clipboardTimer; ---> var  <--- isKeyBoardPaste=(new Date().getTime(

[WARNING] Try to use a single 'var' statement per scope.
)-keyboardPasteTimeStamp-clipboardDelay)<1000; ---> var  <--- plainTextMode=self.pasteFormat=="text"||keyboardPastePlainTextState;

[WARNING] Try to use a single 'var' statement per scope.
editor.settings.paste_filter_drop!==false){ ---> var  <--- dropContent=getDataTransferItems(e.dataTransfer);var 

[WARNING] Try to use a single 'var' statement per scope.
dropContent=getDataTransferItems(e.dataTransfer); ---> var  <--- content=dropContent["mce-internal"]||dropContent["text/html"

[WARNING] Try to use a single 'var' statement per scope.
.length;while(i--){ ---> var  <--- src=nodes[i].attributes.map

[WARNING] Try to use a single 'var' statement per scope.
;trimListStart(paragraphNode,/^\u00a0+/);} ---> var  <--- elements=[],child=node.firstChild

[WARNING] Try to use a single 'var' statement per scope.
walk();}}}for( ---> var  <--- i=0;i<elements.length;

[WARNING] Try to use a single 'var' statement per scope.
name=="p"&&node.firstChild){ ---> var  <--- nodeText=getText(node);if(isBulletList

[WARNING] Try to use a single 'var' statement per scope.
}if(isNumericList(nodeText)){ ---> var  <--- matches=/([0-9]+)\./.exec(nodeText);var 

[WARNING] Try to use a single 'var' statement per scope.
matches=/([0-9]+)\./.exec(nodeText); ---> var  <--- start=1;if(matches){start

[WARNING] Try to use a single 'var' statement per scope.
):"";}]]); ---> var  <--- validElements=settings.paste_word_valid_elements;if(!validElements

[WARNING] Try to use a single 'var' statement per scope.
){validElements=("-strong/b,-em/i,-u,-span,-p,-ol,-ul,-li,-h1,-h2,-h3,-h4,-h5,-h6,-p/div,-a[href|name],sub,sup,strike,br,del,table[width],tr,td[colspan|rowspan|width],th[colspan|rowspan|width],thead,tfoot,tbody");} ---> var  <--- schema=new Schema({valid_elements:validElements,

[WARNING] Try to use a single 'var' statement per scope.
push("style");}}); ---> var  <--- domParser=new DomParser({},schema)

[WARNING] Try to use a single 'var' statement per scope.
name});}}}); ---> var  <--- rootNode=domParser.parse(content);if

[WARNING] Invalid hint syntax: use strict
Env,Tools,WordFilter,Utils){ ---> "use strict" <--- ;returnfunction(editor){functionaddPreProcessFilter(

[WARNING] Try to use a single 'var' statement per scope.
.push(blockName);}); ---> var  <--- explorerBlocksRegExp=new RegExp("(?:<br>&nbsp;[\\s\\r\\n]+|<br>)*(<\\/?("+blockElements.join

[WARNING] Try to use a single 'var' statement per scope.
/[, ]/);}if(webKitStyles){ ---> var  <--- dom=editor.dom,node=editor.

[WARNING] Try to use a single 'var' statement per scope.
{returnbefore+after;}for( ---> var  <--- i=0;i<webKitStyles.length;

[WARNING] Try to use a single 'var' statement per scope.
<webKitStyles.length;i++){ ---> var  <--- inputValue=inputStyles[webKitStyles[i]],

[WARNING] Invalid hint syntax: use strict
{(function(exports,undefined){ ---> "use strict" <--- ;var modules={};functionrequire(

[WARNING] Try to use a single 'var' statement per scope.
module,defs=[];for( ---> var  <--- i=0;i<ids.length;

[WARNING] Try to use a single 'var' statement per scope.
(id){var target=exports; ---> var  <--- fragments=id.split(/[.\/]/);for

[WARNING] Try to use a single 'var' statement per scope.
id.split(/[.\/]/);for( ---> var  <--- fi=0;fi<fragments.length;

[WARNING] Try to use a single 'var' statement per scope.
id.split(/[.\/]/);for( ---> var  <--- fi=0;fi<fragments.length-

[WARNING] Try to use a single 'var' statement per scope.
var siblingDirection=upBool?"previousSibling":"nextSibling"; ---> var  <--- currentRow=editor.dom.getParent(sourceNode,

[WARNING] Try to use a single 'var' statement per scope.
dom.getParent(sourceNode,"tr"); ---> var  <--- siblingRow=currentRow[siblingDirection];if(siblingRow

[WARNING] Try to use a single 'var' statement per scope.
.preventDefault();returntrue;} ---> var  <--- tableNode=editor.dom.getParent(currentRow,

[WARNING] Try to use a single 'var' statement per scope.
dom.getParent(currentRow,"table"); ---> var  <--- middleNode=currentRow.parentNode;var parentNodeName=middleNode

[WARNING] Try to use a single 'var' statement per scope.
);var middleNode=currentRow.parentNode; ---> var  <--- parentNodeName=middleNode.nodeName.toLowerCase();

[WARNING] Try to use a single 'var' statement per scope.
(upBool?"tfoot":"thead")){ ---> var  <--- targetParent=getTargetParent(upBool,tableNode,middleNode,

[WARNING] Try to use a single 'var' statement per scope.
select(">"+nodeName,topNode); ---> var  <--- position=tbodies.indexOf(secondNode);if

[WARNING] Try to use a single 'var' statement per scope.
{if(position===-1){ ---> var  <--- topOrBottom=secondNode.tagName.toLowerCase()===

[WARNING] Try to use a single 'var' statement per scope.
var tagName=upBool?"thead":"tfoot"; ---> var  <--- headOrFoot=editor.dom.select(">"+

[WARNING] Try to use a single 'var' statement per scope.
moveCursorToStartOfElement(tableSibling);returntrue;} ---> var  <--- parentCell=editor.dom.getParent(table,

[WARNING] Try to use a single 'var' statement per scope.
(upBool,parentCell,e);} ---> var  <--- backUpSibling=getChildForDirection(currentRow,!upBool);

[WARNING] Try to use a single 'var' statement per scope.
=editor.selection.getNode(); ---> var  <--- currentRow=editor.dom.getParent(node,

[WARNING] Try to use a single 'var' statement per scope.
(column){var colIndex=0; ---> var  <--- c=column;while(c.previousSibling)

[WARNING] Try to use a single 'var' statement per scope.
.getParent(node,"td,th")); ---> var  <--- tgtColumnIndex=findColumn(row,srcColumnIndex);var 

[WARNING] Try to use a single 'var' statement per scope.
tgtColumnIndex=findColumn(row,srcColumnIndex); ---> var  <--- tgtNode=row.childNodes[tgtColumnIndex];var 

[WARNING] Try to use a single 'var' statement per scope.
tgtNode=row.childNodes[tgtColumnIndex]; ---> var  <--- rowCellTarget=getChildForDirection(tgtNode,upBool);moveCursorToStartOfElement

[WARNING] Try to use a single 'var' statement per scope.
=editor.selection.getNode(); ---> var  <--- newParent=editor.dom.getParent(newNode,

[WARNING] Try to use a single 'var' statement per scope.
dom.getParent(newNode,"td,th"); ---> var  <--- oldParent=editor.dom.getParent(preBrowserNode,

[WARNING] Try to use a single 'var' statement per scope.
()&&isInTable(editor)){ ---> var  <--- preBrowserNode=editor.selection.getNode();

[WARNING] Try to use a single 'var' statement per scope.
getParent(rng.startContainer,"TABLE"); ---> var  <--- tableParent,allOfCellSelected,tableCellSelection;if(table)

[WARNING] Try to use a single 'var' statement per scope.
=editor.selection.getRng(); ---> var  <--- n=editor.selection.getNode();

[WARNING] Try to use a single 'var' statement per scope.
=editor.selection.getNode(); ---> var  <--- currentCell=editor.dom.getParent(rng.

[WARNING] Try to use a single 'var' statement per scope.
!currentCell){currentCell=n;} ---> var  <--- end=currentCell.lastChild;while(end.

[WARNING] Try to use a single 'var' statement per scope.
var data=win.toJSON(); ---> var  <--- css=dom.parseStyle(data.style)

[WARNING] Try to use a single 'var' statement per scope.
<elms.length;i++){ ---> var  <--- currentStyle=dom.getStyle(elms[i]

[WARNING] Try to use a single 'var' statement per scope.
;};}})};} ---> var  <--- generalCellForm={type:"form",layout:"flex"

[WARNING] Try to use a single 'var' statement per scope.
="";html='<table role="grid" class="mce-grid mce-grid-border" aria-readonly="true">';for( ---> var  <--- y=0;y<10;y++

[WARNING] Try to use a single 'var' statement per scope.
++){html+="<tr>";for( ---> var  <--- x=0;x<10;x++

[WARNING] Try to use a single 'var' statement per scope.
.getElementsByTagName("table")[0]; ---> var  <--- x,y,focusCell,cell,active;

[WARNING] Try to use a single 'var' statement per scope.
,y,focusCell,cell,active; ---> var  <--- rtl=control.isRtl()||control.

[WARNING] Try to use a single 'var' statement per scope.
,onPostRender:postRenderCell}]}); ---> var  <--- menuItems=[];each("inserttable tableprops deletetable | cell row column".split

[WARNING] Try to use a single 'var' statement per scope.
.getElementsByTagName("table")[0]; ---> var  <--- customColorCells,div,i;customColorCells=tinymce.

[WARNING] Try to use a single 'var' statement per scope.
=dom.createFragment(),hasContentNode; ---> var  <--- blockElements=editor.schema.getBlockElements();

[WARNING] Try to use a single 'var' statement per scope.
(node=contentNode.firstChild)){ ---> var  <--- nodeName=node.nodeName;if(!hasContentNode

[WARNING] Try to use a single 'var' statement per scope.
);if(listElements.length){ ---> var  <--- bookmark=createBookmark(selection.getRng(true)

[WARNING] Try to use a single 'var' statement per scope.
.getRng(true));for( ---> var  <--- i=0;i<listElements.length;

[WARNING] Try to use a single 'var' statement per scope.
);if(listElements.length){ ---> var  <--- bookmark=createBookmark(selection.getRng(true)

[WARNING] Try to use a single 'var' statement per scope.
(selection.getRng(true)); ---> var  <--- i,y,root=editor.getBody(

[WARNING] Try to use a single 'var' statement per scope.
.length;while(i--){ ---> var  <--- node=listElements[i].parentNode;while

[WARNING] Try to use a single 'var' statement per scope.
container.parentNode;}returncontainer;} ---> var  <--- startNode=getEndPointNode(true);var endNode=

[WARNING] Try to use a single 'var' statement per scope.
}var startNode=getEndPointNode(true); ---> var  <--- endNode=getEndPointNode();var block,siblings

[WARNING] Try to use a single 'var' statement per scope.
);var endNode=getEndPointNode(); ---> var  <--- block,siblings=[];for(var 

[WARNING] Try to use a single 'var' statement per scope.
block,siblings=[];for( ---> var  <--- node=startNode;node;node=node.

[WARNING] Try to use a single 'var' statement per scope.
{removeList(listName);}else{ ---> var  <--- bookmark=createBookmark(selection.getRng(true)

[WARNING] Try to use a single 'var' statement per scope.
.startContainer,offset=rng.startOffset; ---> var  <--- nonEmptyBlocks,walker;if(node.nodeType==

[WARNING] Try to use a single 'var' statement per scope.
,"LI");if(li){ ---> var  <--- rng=selection.getRng(true);var 

[WARNING] Try to use a single 'var' statement per scope.
rng=selection.getRng(true); ---> var  <--- otherLi=dom.getParent(findNextCaretContainer(rng,

[WARNING] Try to use a single 'var' statement per scope.
if(otherLi&&otherLi!=li){ ---> var  <--- bookmark=createBookmark(rng);if(isForward

[WARNING] Try to use a single 'var' statement per scope.
=editor.selection.getSelectedBlocks(); ---> var  <--- disable=false;for(var i=0

[WARNING] Try to use a single 'var' statement per scope.
);var disable=false;for( ---> var  <--- i=0,l=blocks.length;

[WARNING] Try to use a single 'var' statement per scope.
&&i<l;i++){ ---> var  <--- tag=blocks[i].nodeName;disable

[WARNING] Try to use a single 'var' statement per scope.
,FloatPanel=tinymce.ui.FloatPanel; ---> var  <--- defaultMenus={file:{title:"File",

[WARNING] Try to use a single 'var' statement per scope.
tools:{title:"Tools"}}; ---> var  <--- defaultToolbar="undo redo | styleselect | bold italic | alignleft aligncenter alignright alignjustify | bullist numlist outdent indent | link image";functioncreateToolbar(items,size

[WARNING] Try to use a single 'var' statement per scope.
;delete settings.toolbar;}for( ---> var  <--- i=1;i<10;i++

[WARNING] Try to use a single 'var' statement per scope.
;}}});}for( ---> var  <--- i=0;i<menuItems.length;

[WARNING] Try to use a single 'var' statement per scope.
returnnull;}}returnmenuButton;} ---> var  <--- defaultMenuBar=[];if(settings.menu

[WARNING] Try to use a single 'var' statement per scope.
defaultMenuBar.push(name);}} ---> var  <--- enabledMenuNames=typeofsettings.menubar=="string"?settings

[WARNING] Try to use a single 'var' statement per scope.
split(/[ ,]/):defaultMenuBar;for( ---> var  <--- i=0;i<enabledMenuNames.length;

[WARNING] Try to use a single 'var' statement per scope.
<enabledMenuNames.length;i++){ ---> var  <--- menu=enabledMenuNames[i];menu=createMenu

[WARNING] Try to use a single 'var' statement per scope.
,body=editor.getBody(); ---> var  <--- deltaX=0,deltaY=0;if(

[WARNING] Try to use a single 'var' statement per scope.
deltaY=0;if(scrollContainer){ ---> var  <--- bodyPos=DOM.getPos(body),scrollContainerPos

[WARNING] Try to use a single 'var' statement per scope.
"lightgray":false;if(skin){ ---> var  <--- skinUrl=settings.skin_url;if(skinUrl)

[WARNING] Found an undeclared symbol: URL
 in window&&"URL" in window&&!! ---> URL <--- .createObjectURL;if(ie12){webkit=

[WARNING] The symbol defined is declared but is apparently never used.
This code can probably be written in a more compact way.
,arguments);});}function ---> defined <--- (id){return!!modules[id

[WARNING] The symbol defined is declared but is apparently never used.
This code can probably be written in a more compact way.
,arguments);});}function ---> defined <--- (id){return!!modules[id

[WARNING] The symbol defined is declared but is apparently never used.
This code can probably be written in a more compact way.
,arguments);});}function ---> defined <--- (id){return!!modules[id

[WARNING] The symbol expose is declared but is apparently never used.
This code can probably be written in a more compact way.
]];}returntarget;}function ---> expose <--- (ids){var i,target,id
